C:\Documents and Settings\Propietario\Escritorio\RB\Desencriptado\Data\Actors.rxdata done.

C:\Documents and Settings\Propietario\Escritorio\RB\Desencriptado\Data\Animations.rxdata done.

C:\Documents and Settings\Propietario\Escritorio\RB\Desencriptado\Data\Armors.rxdata done.

C:\Documents and Settings\Propietario\Escritorio\RB\Desencriptado\Data\Classes.rxdata done.

C:\Documents and Settings\Propietario\Escritorio\RB\Desencriptado\Data\CommonEvents.rxdata done.

C:\Documents and Settings\Propietario\Escritorio\RB\Desencriptado\Data\Enemies.rxdata done.

C:\Documents and Settings\Propietario\Escritorio\RB\Desencriptado\Data\Items.rxdata done.

C:\Documents and Settings\Propietario\Escritorio\RB\Desencriptado\Data\Map001.rxdata done.

C:\Documents and Settings\Propietario\Escritorio\RB\Desencriptado\Data\Map002.rxdata done.

C:\Documents and Settings\Propietario\Escritorio\RB\Desencriptado\Data\Map003.rxdata done.

C:\Documents and Settings\Propietario\Escritorio\RB\Desencriptado\Data\Map004.rxdata done.

C:\Documents and Settings\Propietario\Escritorio\RB\Desencriptado\Data\Map005.rxdata done.

C:\Documents and Settings\Propietario\Escritorio\RB\Desencriptado\Data\Map006.rxdata done.

C:\Documents and Settings\Propietario\Escritorio\RB\Desencriptado\Data\Map007.rxdata done.

C:\Documents and Settings\Propietario\Escritorio\RB\Desencriptado\Data\Map008.rxdata done.

C:\Documents and Settings\Propietario\Escritorio\RB\Desencriptado\Data\Map009.rxdata done.

C:\Documents and Settings\Propietario\Escritorio\RB\Desencriptado\Data\Map010.rxdata done.

C:\Documents and Settings\Propietario\Escritorio\RB\Desencriptado\Data\Map011.rxdata done.

C:\Documents and Settings\Propietario\Escritorio\RB\Desencriptado\Data\Map012.rxdata done.

C:\Documents and Settings\Propietario\Escritorio\RB\Desencriptado\Data\Map013.rxdata done.

C:\Documents and Settings\Propietario\Escritorio\RB\Desencriptado\Data\Map014.rxdata done.

C:\Documents and Settings\Propietario\Escritorio\RB\Desencriptado\Data\Map015.rxdata done.

C:\Documents and Settings\Propietario\Escritorio\RB\Desencriptado\Data\Map016.rxdata done.

C:\Documents and Settings\Propietario\Escritorio\RB\Desencriptado\Data\Map017.rxdata done.

C:\Documents and Settings\Propietario\Escritorio\RB\Desencriptado\Data\Map018.rxdata done.

C:\Documents and Settings\Propietario\Escritorio\RB\Desencriptado\Data\Map019.rxdata done.

C:\Documents and Settings\Propietario\Escritorio\RB\Desencriptado\Data\Map020.rxdata done.

C:\Documents and Settings\Propietario\Escritorio\RB\Desencriptado\Data\Map021.rxdata done.

C:\Documents and Settings\Propietario\Escritorio\RB\Desencriptado\Data\Map022.rxdata done.

C:\Documents and Settings\Propietario\Escritorio\RB\Desencriptado\Data\Map023.rxdata done.

C:\Documents and Settings\Propietario\Escritorio\RB\Desencriptado\Data\Map024.rxdata done.

C:\Documents and Settings\Propietario\Escritorio\RB\Desencriptado\Data\Map025.rxdata done.

C:\Documents and Settings\Propietario\Escritorio\RB\Desencriptado\Data\Map026.rxdata done.

C:\Documents and Settings\Propietario\Escritorio\RB\Desencriptado\Data\Map027.rxdata done.

C:\Documents and Settings\Propietario\Escritorio\RB\Desencriptado\Data\Map028.rxdata done.

C:\Documents and Settings\Propietario\Escritorio\RB\Desencriptado\Data\Map029.rxdata done.

C:\Documents and Settings\Propietario\Escritorio\RB\Desencriptado\Data\Map030.rxdata done.

C:\Documents and Settings\Propietario\Escritorio\RB\Desencriptado\Data\Map031.rxdata done.

C:\Documents and Settings\Propietario\Escritorio\RB\Desencriptado\Data\Map032.rxdata done.

C:\Documents and Settings\Propietario\Escritorio\RB\Desencriptado\Data\Map033.rxdata done.

C:\Documents and Settings\Propietario\Escritorio\RB\Desencriptado\Data\Map034.rxdata done.

C:\Documents and Settings\Propietario\Escritorio\RB\Desencriptado\Data\Map035.rxdata done.

C:\Documents and Settings\Propietario\Escritorio\RB\Desencriptado\Data\Map036.rxdata done.

C:\Documents and Settings\Propietario\Escritorio\RB\Desencriptado\Data\Map037.rxdata done.

C:\Documents and Settings\Propietario\Escritorio\RB\Desencriptado\Data\Map038.rxdata done.

C:\Documents and Settings\Propietario\Escritorio\RB\Desencriptado\Data\Map039.rxdata done.

C:\Documents and Settings\Propietario\Escritorio\RB\Desencriptado\Data\Map040.rxdata done.

C:\Documents and Settings\Propietario\Escritorio\RB\Desencriptado\Data\Map041.rxdata done.

C:\Documents and Settings\Propietario\Escritorio\RB\Desencriptado\Data\Map042.rxdata done.

C:\Documents and Settings\Propietario\Escritorio\RB\Desencriptado\Data\Map043.rxdata done.

C:\Documents and Settings\Propietario\Escritorio\RB\Desencriptado\Data\Map044.rxdata done.

C:\Documents and Settings\Propietario\Escritorio\RB\Desencriptado\Data\Map045.rxdata done.

C:\Documents and Settings\Propietario\Escritorio\RB\Desencriptado\Data\Map046.rxdata done.

C:\Documents and Settings\Propietario\Escritorio\RB\Desencriptado\Data\Map047.rxdata done.

C:\Documents and Settings\Propietario\Escritorio\RB\Desencriptado\Data\Map048.rxdata done.

C:\Documents and Settings\Propietario\Escritorio\RB\Desencriptado\Data\Map049.rxdata done.

C:\Documents and Settings\Propietario\Escritorio\RB\Desencriptado\Data\Map050.rxdata done.

C:\Documents and Settings\Propietario\Escritorio\RB\Desencriptado\Data\Map051.rxdata done.

C:\Documents and Settings\Propietario\Escritorio\RB\Desencriptado\Data\Map052.rxdata done.

C:\Documents and Settings\Propietario\Escritorio\RB\Desencriptado\Data\Map053.rxdata done.

C:\Documents and Settings\Propietario\Escritorio\RB\Desencriptado\Data\Map054.rxdata done.

C:\Documents and Settings\Propietario\Escritorio\RB\Desencriptado\Data\Map055.rxdata done.

C:\Documents and Settings\Propietario\Escritorio\RB\Desencriptado\Data\Map056.rxdata done.

C:\Documents and Settings\Propietario\Escritorio\RB\Desencriptado\Data\Map057.rxdata done.

C:\Documents and Settings\Propietario\Escritorio\RB\Desencriptado\Data\Map058.rxdata done.

C:\Documents and Settings\Propietario\Escritorio\RB\Desencriptado\Data\Map059.rxdata done.

C:\Documents and Settings\Propietario\Escritorio\RB\Desencriptado\Data\Map060.rxdata done.

C:\Documents and Settings\Propietario\Escritorio\RB\Desencriptado\Data\Map061.rxdata done.

C:\Documents and Settings\Propietario\Escritorio\RB\Desencriptado\Data\Map062.rxdata done.

C:\Documents and Settings\Propietario\Escritorio\RB\Desencriptado\Data\MapInfos.rxdata done.

C:\Documents and Settings\Propietario\Escritorio\RB\Desencriptado\Data\Scripts.rxdata done.

C:\Documents and Settings\Propietario\Escritorio\RB\Desencriptado\Data\Skills.rxdata done.

C:\Documents and Settings\Propietario\Escritorio\RB\Desencriptado\Data\States.rxdata done.

C:\Documents and Settings\Propietario\Escritorio\RB\Desencriptado\Data\System.rxdata done.

C:\Documents and Settings\Propietario\Escritorio\RB\Desencriptado\Data\Tilesets.rxdata done.

C:\Documents and Settings\Propietario\Escritorio\RB\Desencriptado\Data\Troops.rxdata done.

C:\Documents and Settings\Propietario\Escritorio\RB\Desencriptado\Data\Weapons.rxdata done.

C:\Documents and Settings\Propietario\Escritorio\RB\Desencriptado\Graphics\Animations\001-Action01.png done.

C:\Documents and Settings\Propietario\Escritorio\RB\Desencriptado\Graphics\Animations\002-Action02.png done.

C:\Documents and Settings\Propietario\Escritorio\RB\Desencriptado\Graphics\Animations\003-Attack01.png done.

C:\Documents and Settings\Propietario\Escritorio\RB\Desencriptado\Graphics\Animations\004-Attack02.png done.

C:\Documents and Settings\Propietario\Escritorio\RB\Desencriptado\Graphics\Animations\005-Attack03.png done.

C:\Documents and Settings\Propietario\Escritorio\RB\Desencriptado\Graphics\Animations\006-Weapon01.png done.

C:\Documents and Settings\Propietario\Escritorio\RB\Desencriptado\Graphics\Animations\007-Weapon02.png done.

C:\Documents and Settings\Propietario\Escritorio\RB\Desencriptado\Graphics\Animations\008-Weapon03.png done.

C:\Documents and Settings\Propietario\Escritorio\RB\Desencriptado\Graphics\Animations\009-Weapon04.png done.

C:\Documents and Settings\Propietario\Escritorio\RB\Desencriptado\Graphics\Animations\010-Weapon05.png done.

C:\Documents and Settings\Propietario\Escritorio\RB\Desencriptado\Graphics\Animations\011-Weapon06.png done.

C:\Documents and Settings\Propietario\Escritorio\RB\Desencriptado\Graphics\Animations\012-Heal01.png done.

C:\Documents and Settings\Propietario\Escritorio\RB\Desencriptado\Graphics\Animations\013-Heal02.png done.

C:\Documents and Settings\Propietario\Escritorio\RB\Desencriptado\Graphics\Animations\014-Heal03.png done.

C:\Documents and Settings\Propietario\Escritorio\RB\Desencriptado\Graphics\Animations\015-Fire01.png done.

C:\Documents and Settings\Propietario\Escritorio\RB\Desencriptado\Graphics\Animations\016-Ice01.png done.

C:\Documents and Settings\Propietario\Escritorio\RB\Desencriptado\Graphics\Animations\017-Thunder01.png done.

C:\Documents and Settings\Propietario\Escritorio\RB\Desencriptado\Graphics\Animations\018-Water01.png done.

C:\Documents and Settings\Propietario\Escritorio\RB\Desencriptado\Graphics\Animations\019-Earth01.png done.

C:\Documents and Settings\Propietario\Escritorio\RB\Desencriptado\Graphics\Animations\020-Wind01.png done.

C:\Documents and Settings\Propietario\Escritorio\RB\Desencriptado\Graphics\Animations\021-Light01.png done.

C:\Documents and Settings\Propietario\Escritorio\RB\Desencriptado\Graphics\Animations\022-Darkness01.png done.

C:\Documents and Settings\Propietario\Escritorio\RB\Desencriptado\Graphics\Animations\023-Burst01.png done.

C:\Documents and Settings\Propietario\Escritorio\RB\Desencriptado\Graphics\Animations\024-Support01.png done.

C:\Documents and Settings\Propietario\Escritorio\RB\Desencriptado\Graphics\Animations\025-Support02.png done.

C:\Documents and Settings\Propietario\Escritorio\RB\Desencriptado\Graphics\Animations\026-Support03.png done.

C:\Documents and Settings\Propietario\Escritorio\RB\Desencriptado\Graphics\Animations\027-Support04.png done.

C:\Documents and Settings\Propietario\Escritorio\RB\Desencriptado\Graphics\Animations\028-State01.png done.

C:\Documents and Settings\Propietario\Escritorio\RB\Desencriptado\Graphics\Animations\029-Emotion01.png done.

C:\Documents and Settings\Propietario\Escritorio\RB\Desencriptado\Graphics\Animations\030-Explosion01.png done.

C:\Documents and Settings\Propietario\Escritorio\RB\Desencriptado\Graphics\Autotiles\001-G_Water01.png done.

C:\Documents and Settings\Propietario\Escritorio\RB\Desencriptado\Graphics\Autotiles\002-G_Shadow01.png done.

C:\Documents and Settings\Propietario\Escritorio\RB\Desencriptado\Graphics\Autotiles\003-G_Ground01.png done.

C:\Documents and Settings\Propietario\Escritorio\RB\Desencriptado\Graphics\Autotiles\004-G_Ground02.png done.

C:\Documents and Settings\Propietario\Escritorio\RB\Desencriptado\Graphics\Autotiles\005-G_Road01.png done.

C:\Documents and Settings\Propietario\Escritorio\RB\Desencriptado\Graphics\Autotiles\006-G_Road02.png done.

C:\Documents and Settings\Propietario\Escritorio\RB\Desencriptado\Graphics\Autotiles\007-G_Undulation01.png done.

C:\Documents and Settings\Propietario\Escritorio\RB\Desencriptado\Graphics\Autotiles\008-G_Undulation02.png done.

C:\Documents and Settings\Propietario\Escritorio\RB\Desencriptado\Graphics\Autotiles\009-G2_Water01.png done.

C:\Documents and Settings\Propietario\Escritorio\RB\Desencriptado\Graphics\Autotiles\010-G2_Ground01.png done.

C:\Documents and Settings\Propietario\Escritorio\RB\Desencriptado\Graphics\Autotiles\011-G2_Ground02.png done.

C:\Documents and Settings\Propietario\Escritorio\RB\Desencriptado\Graphics\Autotiles\012-G2_Swamp01.png done.

C:\Documents and Settings\Propietario\Escritorio\RB\Desencriptado\Graphics\Autotiles\013-G2_Swamp02.png done.

C:\Documents and Settings\Propietario\Escritorio\RB\Desencriptado\Graphics\Autotiles\014-G2_Swamp03.png done.

C:\Documents and Settings\Propietario\Escritorio\RB\Desencriptado\Graphics\Autotiles\015-Sa_Water01.png done.

C:\Documents and Settings\Propietario\Escritorio\RB\Desencriptado\Graphics\Autotiles\016-Sa_Shadow01.png done.

C:\Documents and Settings\Propietario\Escritorio\RB\Desencriptado\Graphics\Autotiles\017-Sa_Grass01.png done.

C:\Documents and Settings\Propietario\Escritorio\RB\Desencriptado\Graphics\Autotiles\018-Sa_Ground01.png done.

C:\Documents and Settings\Propietario\Escritorio\RB\Desencriptado\Graphics\Autotiles\019-Sa_Grass02.png done.

C:\Documents and Settings\Propietario\Escritorio\RB\Desencriptado\Graphics\Autotiles\020-Sa_Grass03.png done.

C:\Documents and Settings\Propietario\Escritorio\RB\Desencriptado\Graphics\Autotiles\021-Sa_Road01.png done.

C:\Documents and Settings\Propietario\Escritorio\RB\Desencriptado\Graphics\Autotiles\022-Roof01.png done.

C:\Documents and Settings\Propietario\Escritorio\RB\Desencriptado\Graphics\Autotiles\023-Sa_Undulation01.png done.

C:\Documents and Settings\Propietario\Escritorio\RB\Desencriptado\Graphics\Autotiles\024-Ocean01.png done.

C:\Documents and Settings\Propietario\Escritorio\RB\Desencriptado\Graphics\Autotiles\025-Ocean02.png done.

C:\Documents and Settings\Propietario\Escritorio\RB\Desencriptado\Graphics\Autotiles\026-Ocean03.png done.

C:\Documents and Settings\Propietario\Escritorio\RB\Desencriptado\Graphics\Autotiles\027-Ocean04.png done.

C:\Documents and Settings\Propietario\Escritorio\RB\Desencriptado\Graphics\Autotiles\028-Sn_Water01.png done.

C:\Documents and Settings\Propietario\Escritorio\RB\Desencriptado\Graphics\Autotiles\029-Sn_Shadow01.png done.

C:\Documents and Settings\Propietario\Escritorio\RB\Desencriptado\Graphics\Autotiles\030-Sn_Ground01.png done.

C:\Documents and Settings\Propietario\Escritorio\RB\Desencriptado\Graphics\Autotiles\031-Sn_Undulation01.png done.

C:\Documents and Settings\Propietario\Escritorio\RB\Desencriptado\Graphics\Autotiles\032-T_Ocean01.png done.

C:\Documents and Settings\Propietario\Escritorio\RB\Desencriptado\Graphics\Autotiles\033-Waterfall01.png done.

C:\Documents and Settings\Propietario\Escritorio\RB\Desencriptado\Graphics\Autotiles\034-Waterfall02.png done.

C:\Documents and Settings\Propietario\Escritorio\RB\Desencriptado\Graphics\Autotiles\035-Waterfall03.png done.

C:\Documents and Settings\Propietario\Escritorio\RB\Desencriptado\Graphics\Autotiles\036-Tree01.png done.

C:\Documents and Settings\Propietario\Escritorio\RB\Desencriptado\Graphics\Autotiles\037-Tree02.png done.

C:\Documents and Settings\Propietario\Escritorio\RB\Desencriptado\Graphics\Autotiles\038-Tree03.png done.

C:\Documents and Settings\Propietario\Escritorio\RB\Desencriptado\Graphics\Autotiles\039-Tree04.png done.

C:\Documents and Settings\Propietario\Escritorio\RB\Desencriptado\Graphics\Autotiles\040-Ground01.png done.

C:\Documents and Settings\Propietario\Escritorio\RB\Desencriptado\Graphics\Autotiles\041-Grass01.png done.

C:\Documents and Settings\Propietario\Escritorio\RB\Desencriptado\Graphics\Autotiles\042-Ground02.png done.

C:\Documents and Settings\Propietario\Escritorio\RB\Desencriptado\Graphics\Autotiles\043-Grass02.png done.

C:\Documents and Settings\Propietario\Escritorio\RB\Desencriptado\Graphics\Autotiles\044-Road01.png done.

C:\Documents and Settings\Propietario\Escritorio\RB\Desencriptado\Graphics\Autotiles\045-Road02.png done.

C:\Documents and Settings\Propietario\Escritorio\RB\Desencriptado\Graphics\Autotiles\046-Road03.png done.

C:\Documents and Settings\Propietario\Escritorio\RB\Desencriptado\Graphics\Autotiles\047-Flower01.png done.

C:\Documents and Settings\Propietario\Escritorio\RB\Desencriptado\Graphics\Autotiles\048-Water01.png done.

C:\Documents and Settings\Propietario\Escritorio\RB\Desencriptado\Graphics\Autotiles\049-St_Shadow01.png done.

C:\Documents and Settings\Propietario\Escritorio\RB\Desencriptado\Graphics\Autotiles\050-Roof02.png done.

C:\Documents and Settings\Propietario\Escritorio\RB\Desencriptado\Graphics\Autotiles\051-Carpet01.png done.

C:\Documents and Settings\Propietario\Escritorio\RB\Desencriptado\Graphics\Autotiles\052-Carpet02.png done.

C:\Documents and Settings\Propietario\Escritorio\RB\Desencriptado\Graphics\Autotiles\053-Wall01.png done.

C:\Documents and Settings\Propietario\Escritorio\RB\Desencriptado\Graphics\Autotiles\054-Wall02.png done.

C:\Documents and Settings\Propietario\Escritorio\RB\Desencriptado\Graphics\Autotiles\055-Wall03.png done.

C:\Documents and Settings\Propietario\Escritorio\RB\Desencriptado\Graphics\Autotiles\056-CE_Water01.png done.

C:\Documents and Settings\Propietario\Escritorio\RB\Desencriptado\Graphics\Autotiles\057-CE_Shadow01.png done.

C:\Documents and Settings\Propietario\Escritorio\RB\Desencriptado\Graphics\Autotiles\058-CE_Ground01.png done.

C:\Documents and Settings\Propietario\Escritorio\RB\Desencriptado\Graphics\Autotiles\059-CE_Ground02.png done.

C:\Documents and Settings\Propietario\Escritorio\RB\Desencriptado\Graphics\Autotiles\060-CE_Grass01.png done.

C:\Documents and Settings\Propietario\Escritorio\RB\Desencriptado\Graphics\Autotiles\061-CE_Road01.png done.

C:\Documents and Settings\Propietario\Escritorio\RB\Desencriptado\Graphics\Autotiles\062-CF_Lava01.png done.

C:\Documents and Settings\Propietario\Escritorio\RB\Desencriptado\Graphics\Autotiles\063-CF_Shadow01.png done.

C:\Documents and Settings\Propietario\Escritorio\RB\Desencriptado\Graphics\Autotiles\064-CF_Ground01.png done.

C:\Documents and Settings\Propietario\Escritorio\RB\Desencriptado\Graphics\Autotiles\065-CF_Ground02.png done.

C:\Documents and Settings\Propietario\Escritorio\RB\Desencriptado\Graphics\Autotiles\066-CF_Ground03.png done.

C:\Documents and Settings\Propietario\Escritorio\RB\Desencriptado\Graphics\Autotiles\067-CF_Ground04.png done.

C:\Documents and Settings\Propietario\Escritorio\RB\Desencriptado\Graphics\Autotiles\068-CI_Water01.png done.

C:\Documents and Settings\Propietario\Escritorio\RB\Desencriptado\Graphics\Autotiles\069-CI_Shadow01.png done.

C:\Documents and Settings\Propietario\Escritorio\RB\Desencriptado\Graphics\Autotiles\070-CI_Snow01.png done.

C:\Documents and Settings\Propietario\Escritorio\RB\Desencriptado\Graphics\Autotiles\071-CI_Ground01.png done.

C:\Documents and Settings\Propietario\Escritorio\RB\Desencriptado\Graphics\Autotiles\072-CI_Ice01.png done.

C:\Documents and Settings\Propietario\Escritorio\RB\Desencriptado\Graphics\Autotiles\073-CI_Ground02.png done.

C:\Documents and Settings\Propietario\Escritorio\RB\Desencriptado\Graphics\Autotiles\074-CW_Water01.png done.

C:\Documents and Settings\Propietario\Escritorio\RB\Desencriptado\Graphics\Autotiles\075-CW_Shadow01.png done.

C:\Documents and Settings\Propietario\Escritorio\RB\Desencriptado\Graphics\Autotiles\076-CW_Grass01.png done.

C:\Documents and Settings\Propietario\Escritorio\RB\Desencriptado\Graphics\Autotiles\077-CW_Grass02.png done.

C:\Documents and Settings\Propietario\Escritorio\RB\Desencriptado\Graphics\Autotiles\078-CW_Ground01.png done.

C:\Documents and Settings\Propietario\Escritorio\RB\Desencriptado\Graphics\Autotiles\079-CW_Grass03.png done.

C:\Documents and Settings\Propietario\Escritorio\RB\Desencriptado\Graphics\Autotiles\080-B_Ground01.png done.

C:\Documents and Settings\Propietario\Escritorio\RB\Desencriptado\Graphics\Autotiles\081-B_Ground02.png done.

C:\Documents and Settings\Propietario\Escritorio\RB\Desencriptado\Graphics\Battlebacks\001-Grassland01.jpg done.

C:\Documents and Settings\Propietario\Escritorio\RB\Desencriptado\Graphics\Battlebacks\002-Woods01.jpg done.

C:\Documents and Settings\Propietario\Escritorio\RB\Desencriptado\Graphics\Battlebacks\003-Forest01.jpg done.

C:\Documents and Settings\Propietario\Escritorio\RB\Desencriptado\Graphics\Battlebacks\004-Mountain01.jpg done.

C:\Documents and Settings\Propietario\Escritorio\RB\Desencriptado\Graphics\Battlebacks\005-Beach01.jpg done.

C:\Documents and Settings\Propietario\Escritorio\RB\Desencriptado\Graphics\Battlebacks\006-Desert01.jpg done.

C:\Documents and Settings\Propietario\Escritorio\RB\Desencriptado\Graphics\Battlebacks\007-Swamp01.jpg done.

C:\Documents and Settings\Propietario\Escritorio\RB\Desencriptado\Graphics\Battlebacks\008-Snowfield01.jpg done.

C:\Documents and Settings\Propietario\Escritorio\RB\Desencriptado\Graphics\Battlebacks\009-CastleTown01.jpg done.

C:\Documents and Settings\Propietario\Escritorio\RB\Desencriptado\Graphics\Battlebacks\010-CastleTown02.jpg done.

C:\Documents and Settings\Propietario\Escritorio\RB\Desencriptado\Graphics\Battlebacks\011-PortTown01.jpg done.

C:\Documents and Settings\Propietario\Escritorio\RB\Desencriptado\Graphics\Battlebacks\012-PortTown02.jpg done.

C:\Documents and Settings\Propietario\Escritorio\RB\Desencriptado\Graphics\Battlebacks\013-PostTown01.jpg done.

C:\Documents and Settings\Propietario\Escritorio\RB\Desencriptado\Graphics\Battlebacks\014-PostTown02.jpg done.

C:\Documents and Settings\Propietario\Escritorio\RB\Desencriptado\Graphics\Battlebacks\015-ForestTown01.jpg done.

C:\Documents and Settings\Propietario\Escritorio\RB\Desencriptado\Graphics\Battlebacks\016-ForestTown02.jpg done.

C:\Documents and Settings\Propietario\Escritorio\RB\Desencriptado\Graphics\Battlebacks\017-MineTown01.jpg done.

C:\Documents and Settings\Propietario\Escritorio\RB\Desencriptado\Graphics\Battlebacks\018-MineTown02.jpg done.

C:\Documents and Settings\Propietario\Escritorio\RB\Desencriptado\Graphics\Battlebacks\019-DesertTown01.jpg done.

C:\Documents and Settings\Propietario\Escritorio\RB\Desencriptado\Graphics\Battlebacks\020-DesertTown02.jpg done.

C:\Documents and Settings\Propietario\Escritorio\RB\Desencriptado\Graphics\Battlebacks\021-SnowTown01.jpg done.

C:\Documents and Settings\Propietario\Escritorio\RB\Desencriptado\Graphics\Battlebacks\022-SnowTown02.jpg done.

C:\Documents and Settings\Propietario\Escritorio\RB\Desencriptado\Graphics\Battlebacks\023-FarmVillage01.jpg done.

C:\Documents and Settings\Propietario\Escritorio\RB\Desencriptado\Graphics\Battlebacks\024-FarmVillage02.jpg done.

C:\Documents and Settings\Propietario\Escritorio\RB\Desencriptado\Graphics\Battlebacks\025-Castle01.jpg done.

C:\Documents and Settings\Propietario\Escritorio\RB\Desencriptado\Graphics\Battlebacks\026-Castle02.jpg done.

C:\Documents and Settings\Propietario\Escritorio\RB\Desencriptado\Graphics\Battlebacks\027-Castle03.jpg done.

C:\Documents and Settings\Propietario\Escritorio\RB\Desencriptado\Graphics\Battlebacks\028-Church01.jpg done.

C:\Documents and Settings\Propietario\Escritorio\RB\Desencriptado\Graphics\Battlebacks\029-Church02.jpg done.

C:\Documents and Settings\Propietario\Escritorio\RB\Desencriptado\Graphics\Battlebacks\030-Ship01.jpg done.

C:\Documents and Settings\Propietario\Escritorio\RB\Desencriptado\Graphics\Battlebacks\031-Ship02.jpg done.

C:\Documents and Settings\Propietario\Escritorio\RB\Desencriptado\Graphics\Battlebacks\032-Heaven01.jpg done.

C:\Documents and Settings\Propietario\Escritorio\RB\Desencriptado\Graphics\Battlebacks\033-Heaven02.jpg done.

C:\Documents and Settings\Propietario\Escritorio\RB\Desencriptado\Graphics\Battlebacks\034-Bridge01.jpg done.

C:\Documents and Settings\Propietario\Escritorio\RB\Desencriptado\Graphics\Battlebacks\035-Ruins01.jpg done.

C:\Documents and Settings\Propietario\Escritorio\RB\Desencriptado\Graphics\Battlebacks\036-Shop01.jpg done.

C:\Documents and Settings\Propietario\Escritorio\RB\Desencriptado\Graphics\Battlebacks\037-Fort01.jpg done.

C:\Documents and Settings\Propietario\Escritorio\RB\Desencriptado\Graphics\Battlebacks\038-Fort02.jpg done.

C:\Documents and Settings\Propietario\Escritorio\RB\Desencriptado\Graphics\Battlebacks\039-Tower01.jpg done.

C:\Documents and Settings\Propietario\Escritorio\RB\Desencriptado\Graphics\Battlebacks\040-Tower02.jpg done.

C:\Documents and Settings\Propietario\Escritorio\RB\Desencriptado\Graphics\Battlebacks\041-EvilCastle01.jpg done.

C:\Documents and Settings\Propietario\Escritorio\RB\Desencriptado\Graphics\Battlebacks\042-EvilCastle02.jpg done.

C:\Documents and Settings\Propietario\Escritorio\RB\Desencriptado\Graphics\Battlebacks\043-Cave01.jpg done.

C:\Documents and Settings\Propietario\Escritorio\RB\Desencriptado\Graphics\Battlebacks\044-Cave02.jpg done.

C:\Documents and Settings\Propietario\Escritorio\RB\Desencriptado\Graphics\Battlebacks\045-Cave03.jpg done.

C:\Documents and Settings\Propietario\Escritorio\RB\Desencriptado\Graphics\Battlebacks\046-Cave04.jpg done.

C:\Documents and Settings\Propietario\Escritorio\RB\Desencriptado\Graphics\Battlebacks\047-Mine01.jpg done.

C:\Documents and Settings\Propietario\Escritorio\RB\Desencriptado\Graphics\Battlebacks\048-Sewer01.jpg done.

C:\Documents and Settings\Propietario\Escritorio\RB\Desencriptado\Graphics\Battlebacks\049-InnerBody01.jpg done.

C:\Documents and Settings\Propietario\Escritorio\RB\Desencriptado\Graphics\Battlebacks\050-DarkSpace01.jpg done.

C:\Documents and Settings\Propietario\Escritorio\RB\Desencriptado\Graphics\Battlers\001-Fighter01.png done.

C:\Documents and Settings\Propietario\Escritorio\RB\Desencriptado\Graphics\Battlers\002-Fighter02.png done.

C:\Documents and Settings\Propietario\Escritorio\RB\Desencriptado\Graphics\Battlers\003-Fighter03.png done.

C:\Documents and Settings\Propietario\Escritorio\RB\Desencriptado\Graphics\Battlers\004-Fighter04.png done.

C:\Documents and Settings\Propietario\Escritorio\RB\Desencriptado\Graphics\Battlers\005-Fighter05.png done.

C:\Documents and Settings\Propietario\Escritorio\RB\Desencriptado\Graphics\Battlers\006-Fighter06.png done.

C:\Documents and Settings\Propietario\Escritorio\RB\Desencriptado\Graphics\Battlers\007-Fighter07.png done.

C:\Documents and Settings\Propietario\Escritorio\RB\Desencriptado\Graphics\Battlers\008-Fighter08.png done.

C:\Documents and Settings\Propietario\Escritorio\RB\Desencriptado\Graphics\Battlers\009-Lancer01.png done.

C:\Documents and Settings\Propietario\Escritorio\RB\Desencriptado\Graphics\Battlers\010-Lancer02.png done.

C:\Documents and Settings\Propietario\Escritorio\RB\Desencriptado\Graphics\Battlers\011-Lancer03.png done.

C:\Documents and Settings\Propietario\Escritorio\RB\Desencriptado\Graphics\Battlers\012-Lancer04.png done.

C:\Documents and Settings\Propietario\Escritorio\RB\Desencriptado\Graphics\Battlers\013-Warrior01.png done.

C:\Documents and Settings\Propietario\Escritorio\RB\Desencriptado\Graphics\Battlers\014-Warrior02.png done.

C:\Documents and Settings\Propietario\Escritorio\RB\Desencriptado\Graphics\Battlers\015-Warrior03.png done.

C:\Documents and Settings\Propietario\Escritorio\RB\Desencriptado\Graphics\Battlers\016-Thief01.png done.

C:\Documents and Settings\Propietario\Escritorio\RB\Desencriptado\Graphics\Battlers\017-Thief02.png done.

C:\Documents and Settings\Propietario\Escritorio\RB\Desencriptado\Graphics\Battlers\018-Thief03.png done.

C:\Documents and Settings\Propietario\Escritorio\RB\Desencriptado\Graphics\Battlers\019-Thief04.png done.

C:\Documents and Settings\Propietario\Escritorio\RB\Desencriptado\Graphics\Battlers\020-Hunter01.png done.

C:\Documents and Settings\Propietario\Escritorio\RB\Desencriptado\Graphics\Battlers\021-Hunter02.png done.

C:\Documents and Settings\Propietario\Escritorio\RB\Desencriptado\Graphics\Battlers\022-Hunter03.png done.

C:\Documents and Settings\Propietario\Escritorio\RB\Desencriptado\Graphics\Battlers\023-Gunner01.png done.

C:\Documents and Settings\Propietario\Escritorio\RB\Desencriptado\Graphics\Battlers\024-Gunner02.png done.

C:\Documents and Settings\Propietario\Escritorio\RB\Desencriptado\Graphics\Battlers\025-Cleric01.png done.

C:\Documents and Settings\Propietario\Escritorio\RB\Desencriptado\Graphics\Battlers\026-Cleric02.png done.

C:\Documents and Settings\Propietario\Escritorio\RB\Desencriptado\Graphics\Battlers\027-Cleric03.png done.

C:\Documents and Settings\Propietario\Escritorio\RB\Desencriptado\Graphics\Battlers\028-Cleric04.png done.

C:\Documents and Settings\Propietario\Escritorio\RB\Desencriptado\Graphics\Battlers\029-Cleric05.png done.

C:\Documents and Settings\Propietario\Escritorio\RB\Desencriptado\Graphics\Battlers\030-Cleric06.png done.

C:\Documents and Settings\Propietario\Escritorio\RB\Desencriptado\Graphics\Battlers\031-Cleric07.png done.

C:\Documents and Settings\Propietario\Escritorio\RB\Desencriptado\Graphics\Battlers\032-Cleric08.png done.

C:\Documents and Settings\Propietario\Escritorio\RB\Desencriptado\Graphics\Battlers\033-Mage01.png done.

C:\Documents and Settings\Propietario\Escritorio\RB\Desencriptado\Graphics\Battlers\034-Mage02.png done.

C:\Documents and Settings\Propietario\Escritorio\RB\Desencriptado\Graphics\Battlers\035-Mage03.png done.

C:\Documents and Settings\Propietario\Escritorio\RB\Desencriptado\Graphics\Battlers\036-Mage04.png done.

C:\Documents and Settings\Propietario\Escritorio\RB\Desencriptado\Graphics\Battlers\037-Mage05.png done.

C:\Documents and Settings\Propietario\Escritorio\RB\Desencriptado\Graphics\Battlers\038-Mage06.png done.

C:\Documents and Settings\Propietario\Escritorio\RB\Desencriptado\Graphics\Battlers\039-Mage07.png done.

C:\Documents and Settings\Propietario\Escritorio\RB\Desencriptado\Graphics\Battlers\040-Mage08.png done.

C:\Documents and Settings\Propietario\Escritorio\RB\Desencriptado\Graphics\Battlers\041-Mage09.png done.

C:\Documents and Settings\Propietario\Escritorio\RB\Desencriptado\Graphics\Battlers\042-King01.png done.

C:\Documents and Settings\Propietario\Escritorio\RB\Desencriptado\Graphics\Battlers\043-Queen01.png done.

C:\Documents and Settings\Propietario\Escritorio\RB\Desencriptado\Graphics\Battlers\044-Trader01.png done.

C:\Documents and Settings\Propietario\Escritorio\RB\Desencriptado\Graphics\Battlers\045-Fortuneteller01.png done.

C:\Documents and Settings\Propietario\Escritorio\RB\Desencriptado\Graphics\Battlers\046-Grappler01.png done.

C:\Documents and Settings\Propietario\Escritorio\RB\Desencriptado\Graphics\Battlers\047-Grappler02.png done.

C:\Documents and Settings\Propietario\Escritorio\RB\Desencriptado\Graphics\Battlers\048-Fairy01.png done.

C:\Documents and Settings\Propietario\Escritorio\RB\Desencriptado\Graphics\Battlers\049-Soldier01.png done.

C:\Documents and Settings\Propietario\Escritorio\RB\Desencriptado\Graphics\Battlers\050-Soldier02.png done.

C:\Documents and Settings\Propietario\Escritorio\RB\Desencriptado\Graphics\Battlers\051-Undead01.png done.

C:\Documents and Settings\Propietario\Escritorio\RB\Desencriptado\Graphics\Battlers\052-Undead02.png done.

C:\Documents and Settings\Propietario\Escritorio\RB\Desencriptado\Graphics\Battlers\053-Undead03.png done.

C:\Documents and Settings\Propietario\Escritorio\RB\Desencriptado\Graphics\Battlers\054-Undead04.png done.

C:\Documents and Settings\Propietario\Escritorio\RB\Desencriptado\Graphics\Battlers\055-Snake01.png done.

C:\Documents and Settings\Propietario\Escritorio\RB\Desencriptado\Graphics\Battlers\056-Snake02.png done.

C:\Documents and Settings\Propietario\Escritorio\RB\Desencriptado\Graphics\Battlers\057-Snake03.png done.

C:\Documents and Settings\Propietario\Escritorio\RB\Desencriptado\Graphics\Battlers\058-Snake04.png done.

C:\Documents and Settings\Propietario\Escritorio\RB\Desencriptado\Graphics\Battlers\059-Aquatic01.png done.

C:\Documents and Settings\Propietario\Escritorio\RB\Desencriptado\Graphics\Battlers\060-Aquatic02.png done.

C:\Documents and Settings\Propietario\Escritorio\RB\Desencriptado\Graphics\Battlers\061-Aquatic03.png done.

C:\Documents and Settings\Propietario\Escritorio\RB\Desencriptado\Graphics\Battlers\062-Aquatic04.png done.

C:\Documents and Settings\Propietario\Escritorio\RB\Desencriptado\Graphics\Battlers\063-Beast01.png done.

C:\Documents and Settings\Propietario\Escritorio\RB\Desencriptado\Graphics\Battlers\064-Beast02.png done.

C:\Documents and Settings\Propietario\Escritorio\RB\Desencriptado\Graphics\Battlers\065-Beast03.png done.

C:\Documents and Settings\Propietario\Escritorio\RB\Desencriptado\Graphics\Battlers\066-Beast04.png done.

C:\Documents and Settings\Propietario\Escritorio\RB\Desencriptado\Graphics\Battlers\067-Goblin01.png done.

C:\Documents and Settings\Propietario\Escritorio\RB\Desencriptado\Graphics\Battlers\068-Goblin02.png done.

C:\Documents and Settings\Propietario\Escritorio\RB\Desencriptado\Graphics\Battlers\069-Goblin03.png done.

C:\Documents and Settings\Propietario\Escritorio\RB\Desencriptado\Graphics\Battlers\070-Goblin04.png done.

C:\Documents and Settings\Propietario\Escritorio\RB\Desencriptado\Graphics\Battlers\071-Bird01.png done.

C:\Documents and Settings\Propietario\Escritorio\RB\Desencriptado\Graphics\Battlers\072-Bird02.png done.

C:\Documents and Settings\Propietario\Escritorio\RB\Desencriptado\Graphics\Battlers\073-Bird03.png done.

C:\Documents and Settings\Propietario\Escritorio\RB\Desencriptado\Graphics\Battlers\074-Bird04.png done.

C:\Documents and Settings\Propietario\Escritorio\RB\Desencriptado\Graphics\Battlers\075-Devil01.png done.

C:\Documents and Settings\Propietario\Escritorio\RB\Desencriptado\Graphics\Battlers\076-Devil02.png done.

C:\Documents and Settings\Propietario\Escritorio\RB\Desencriptado\Graphics\Battlers\077-Devil03.png done.

C:\Documents and Settings\Propietario\Escritorio\RB\Desencriptado\Graphics\Battlers\078-Devil04.png done.

C:\Documents and Settings\Propietario\Escritorio\RB\Desencriptado\Graphics\Battlers\079-Angel01.png done.

C:\Documents and Settings\Propietario\Escritorio\RB\Desencriptado\Graphics\Battlers\080-Angel02.png done.

C:\Documents and Settings\Propietario\Escritorio\RB\Desencriptado\Graphics\Battlers\081-Angel03.png done.

C:\Documents and Settings\Propietario\Escritorio\RB\Desencriptado\Graphics\Battlers\082-Angel04.png done.

C:\Documents and Settings\Propietario\Escritorio\RB\Desencriptado\Graphics\Battlers\083-Elemental01.png done.

C:\Documents and Settings\Propietario\Escritorio\RB\Desencriptado\Graphics\Battlers\084-Elemental02.png done.

C:\Documents and Settings\Propietario\Escritorio\RB\Desencriptado\Graphics\Battlers\085-Elemental03.png done.

C:\Documents and Settings\Propietario\Escritorio\RB\Desencriptado\Graphics\Battlers\086-Elemental04.png done.

C:\Documents and Settings\Propietario\Escritorio\RB\Desencriptado\Graphics\Battlers\087-Monster01.png done.

C:\Documents and Settings\Propietario\Escritorio\RB\Desencriptado\Graphics\Battlers\088-Monster02.png done.

C:\Documents and Settings\Propietario\Escritorio\RB\Desencriptado\Graphics\Battlers\089-Monster03.png done.

C:\Documents and Settings\Propietario\Escritorio\RB\Desencriptado\Graphics\Battlers\090-Monster04.png done.

C:\Documents and Settings\Propietario\Escritorio\RB\Desencriptado\Graphics\Battlers\091-Monster05.png done.

C:\Documents and Settings\Propietario\Escritorio\RB\Desencriptado\Graphics\Battlers\092-Monster06.png done.

C:\Documents and Settings\Propietario\Escritorio\RB\Desencriptado\Graphics\Battlers\093-Monster07.png done.

C:\Documents and Settings\Propietario\Escritorio\RB\Desencriptado\Graphics\Battlers\094-Monster08.png done.

C:\Documents and Settings\Propietario\Escritorio\RB\Desencriptado\Graphics\Battlers\095-Monster09.png done.

C:\Documents and Settings\Propietario\Escritorio\RB\Desencriptado\Graphics\Battlers\096-Monster10.png done.

C:\Documents and Settings\Propietario\Escritorio\RB\Desencriptado\Graphics\Battlers\097-Monster11.png done.

C:\Documents and Settings\Propietario\Escritorio\RB\Desencriptado\Graphics\Battlers\098-Monster12.png done.

C:\Documents and Settings\Propietario\Escritorio\RB\Desencriptado\Graphics\Battlers\099-Monster13.png done.

C:\Documents and Settings\Propietario\Escritorio\RB\Desencriptado\Graphics\Battlers\100-Monster14.png done.

C:\Documents and Settings\Propietario\Escritorio\RB\Desencriptado\Graphics\Battlers\BICHA DE BURNS 02.png done.

C:\Documents and Settings\Propietario\Escritorio\RB\Desencriptado\Graphics\Battlers\neng RPG maker.png done.

C:\Documents and Settings\Propietario\Escritorio\RB\Desencriptado\Graphics\Battlers\sombra.png done.

C:\Documents and Settings\Propietario\Escritorio\RB\Desencriptado\Graphics\Battlers\super ZP.png done.

C:\Documents and Settings\Propietario\Escritorio\RB\Desencriptado\Graphics\Characters\001-Fighter01.png done.

C:\Documents and Settings\Propietario\Escritorio\RB\Desencriptado\Graphics\Characters\002-Fighter02.png done.

C:\Documents and Settings\Propietario\Escritorio\RB\Desencriptado\Graphics\Characters\003-Fighter03.png done.

C:\Documents and Settings\Propietario\Escritorio\RB\Desencriptado\Graphics\Characters\004-Fighter04.png done.

C:\Documents and Settings\Propietario\Escritorio\RB\Desencriptado\Graphics\Characters\005-Fighter05.png done.

C:\Documents and Settings\Propietario\Escritorio\RB\Desencriptado\Graphics\Characters\006-Fighter06.png done.

C:\Documents and Settings\Propietario\Escritorio\RB\Desencriptado\Graphics\Characters\007-Fighter07.png done.

C:\Documents and Settings\Propietario\Escritorio\RB\Desencriptado\Graphics\Characters\008-Fighter08.png done.

C:\Documents and Settings\Propietario\Escritorio\RB\Desencriptado\Graphics\Characters\009-Lancer01.png done.

C:\Documents and Settings\Propietario\Escritorio\RB\Desencriptado\Graphics\Characters\010-Lancer02.png done.

C:\Documents and Settings\Propietario\Escritorio\RB\Desencriptado\Graphics\Characters\011-Lancer03.png done.

C:\Documents and Settings\Propietario\Escritorio\RB\Desencriptado\Graphics\Characters\012-Lancer04.png done.

C:\Documents and Settings\Propietario\Escritorio\RB\Desencriptado\Graphics\Characters\013-Warrior01.png done.

C:\Documents and Settings\Propietario\Escritorio\RB\Desencriptado\Graphics\Characters\014-Warrior02.png done.

C:\Documents and Settings\Propietario\Escritorio\RB\Desencriptado\Graphics\Characters\015-Warrior03.png done.

C:\Documents and Settings\Propietario\Escritorio\RB\Desencriptado\Graphics\Characters\016-Thief01.png done.

C:\Documents and Settings\Propietario\Escritorio\RB\Desencriptado\Graphics\Characters\017-Thief02.png done.

C:\Documents and Settings\Propietario\Escritorio\RB\Desencriptado\Graphics\Characters\018-Thief03.png done.

C:\Documents and Settings\Propietario\Escritorio\RB\Desencriptado\Graphics\Characters\019-Thief04.png done.

C:\Documents and Settings\Propietario\Escritorio\RB\Desencriptado\Graphics\Characters\020-Hunter01.png done.

C:\Documents and Settings\Propietario\Escritorio\RB\Desencriptado\Graphics\Characters\021-Hunter02.png done.

C:\Documents and Settings\Propietario\Escritorio\RB\Desencriptado\Graphics\Characters\022-Hunter03.png done.

C:\Documents and Settings\Propietario\Escritorio\RB\Desencriptado\Graphics\Characters\023-Gunner01.png done.

C:\Documents and Settings\Propietario\Escritorio\RB\Desencriptado\Graphics\Characters\024-Gunner02.png done.

C:\Documents and Settings\Propietario\Escritorio\RB\Desencriptado\Graphics\Characters\025-Cleric01.png done.

C:\Documents and Settings\Propietario\Escritorio\RB\Desencriptado\Graphics\Characters\026-Cleric02.png done.

C:\Documents and Settings\Propietario\Escritorio\RB\Desencriptado\Graphics\Characters\027-Cleric03.png done.

C:\Documents and Settings\Propietario\Escritorio\RB\Desencriptado\Graphics\Characters\028-Cleric04.png done.

C:\Documents and Settings\Propietario\Escritorio\RB\Desencriptado\Graphics\Characters\029-Cleric05.png done.

C:\Documents and Settings\Propietario\Escritorio\RB\Desencriptado\Graphics\Characters\030-Cleric06.png done.

C:\Documents and Settings\Propietario\Escritorio\RB\Desencriptado\Graphics\Characters\031-Cleric07.png done.

C:\Documents and Settings\Propietario\Escritorio\RB\Desencriptado\Graphics\Characters\032-Cleric08.png done.

C:\Documents and Settings\Propietario\Escritorio\RB\Desencriptado\Graphics\Characters\033-Mage01.png done.

C:\Documents and Settings\Propietario\Escritorio\RB\Desencriptado\Graphics\Characters\034-Mage02.png done.

C:\Documents and Settings\Propietario\Escritorio\RB\Desencriptado\Graphics\Characters\035-Mage03.png done.

C:\Documents and Settings\Propietario\Escritorio\RB\Desencriptado\Graphics\Characters\036-Mage04.png done.

C:\Documents and Settings\Propietario\Escritorio\RB\Desencriptado\Graphics\Characters\037-Mage05.png done.

C:\Documents and Settings\Propietario\Escritorio\RB\Desencriptado\Graphics\Characters\038-Mage06.png done.

C:\Documents and Settings\Propietario\Escritorio\RB\Desencriptado\Graphics\Characters\039-Mage07.png done.

C:\Documents and Settings\Propietario\Escritorio\RB\Desencriptado\Graphics\Characters\040-Mage08.png done.

C:\Documents and Settings\Propietario\Escritorio\RB\Desencriptado\Graphics\Characters\041-Mage09.png done.

C:\Documents and Settings\Propietario\Escritorio\RB\Desencriptado\Graphics\Characters\042-King01.png done.

C:\Documents and Settings\Propietario\Escritorio\RB\Desencriptado\Graphics\Characters\043-Queen01.png done.

C:\Documents and Settings\Propietario\Escritorio\RB\Desencriptado\Graphics\Characters\044-Trader01.png done.

C:\Documents and Settings\Propietario\Escritorio\RB\Desencriptado\Graphics\Characters\045-Fortuneteller01.png done.

C:\Documents and Settings\Propietario\Escritorio\RB\Desencriptado\Graphics\Characters\046-Grappler01.png done.

C:\Documents and Settings\Propietario\Escritorio\RB\Desencriptado\Graphics\Characters\047-Grappler02.png done.

C:\Documents and Settings\Propietario\Escritorio\RB\Desencriptado\Graphics\Characters\048-Fairy01.png done.

C:\Documents and Settings\Propietario\Escritorio\RB\Desencriptado\Graphics\Characters\049-Soldier01.png done.

C:\Documents and Settings\Propietario\Escritorio\RB\Desencriptado\Graphics\Characters\050-Soldier02.png done.

C:\Documents and Settings\Propietario\Escritorio\RB\Desencriptado\Graphics\Characters\051-Undead01.png done.

C:\Documents and Settings\Propietario\Escritorio\RB\Desencriptado\Graphics\Characters\052-Undead02.png done.

C:\Documents and Settings\Propietario\Escritorio\RB\Desencriptado\Graphics\Characters\053-Undead03.png done.

C:\Documents and Settings\Propietario\Escritorio\RB\Desencriptado\Graphics\Characters\054-Undead04.png done.

C:\Documents and Settings\Propietario\Escritorio\RB\Desencriptado\Graphics\Characters\055-Snake01.png done.

C:\Documents and Settings\Propietario\Escritorio\RB\Desencriptado\Graphics\Characters\056-Snake02.png done.

C:\Documents and Settings\Propietario\Escritorio\RB\Desencriptado\Graphics\Characters\057-Snake03.png done.

C:\Documents and Settings\Propietario\Escritorio\RB\Desencriptado\Graphics\Characters\058-Snake04.png done.

C:\Documents and Settings\Propietario\Escritorio\RB\Desencriptado\Graphics\Characters\059-Aquatic01.png done.

C:\Documents and Settings\Propietario\Escritorio\RB\Desencriptado\Graphics\Characters\060-Aquatic02.png done.

C:\Documents and Settings\Propietario\Escritorio\RB\Desencriptado\Graphics\Characters\061-Aquatic03.png done.

C:\Documents and Settings\Propietario\Escritorio\RB\Desencriptado\Graphics\Characters\062-Aquatic04.png done.

C:\Documents and Settings\Propietario\Escritorio\RB\Desencriptado\Graphics\Characters\063-Beast01.png done.

C:\Documents and Settings\Propietario\Escritorio\RB\Desencriptado\Graphics\Characters\064-Beast02.png done.

C:\Documents and Settings\Propietario\Escritorio\RB\Desencriptado\Graphics\Characters\065-Beast03.PNG done.

C:\Documents and Settings\Propietario\Escritorio\RB\Desencriptado\Graphics\Characters\066-Beast04.png done.

C:\Documents and Settings\Propietario\Escritorio\RB\Desencriptado\Graphics\Characters\067-Goblin01.png done.

C:\Documents and Settings\Propietario\Escritorio\RB\Desencriptado\Graphics\Characters\068-Goblin02.png done.

C:\Documents and Settings\Propietario\Escritorio\RB\Desencriptado\Graphics\Characters\069-Goblin03.png done.

C:\Documents and Settings\Propietario\Escritorio\RB\Desencriptado\Graphics\Characters\070-Goblin04.png done.

C:\Documents and Settings\Propietario\Escritorio\RB\Desencriptado\Graphics\Characters\071-Bird01.png done.

C:\Documents and Settings\Propietario\Escritorio\RB\Desencriptado\Graphics\Characters\072-Bird02.png done.

C:\Documents and Settings\Propietario\Escritorio\RB\Desencriptado\Graphics\Characters\073-Bird03.png done.

C:\Documents and Settings\Propietario\Escritorio\RB\Desencriptado\Graphics\Characters\074-Bird04.png done.

C:\Documents and Settings\Propietario\Escritorio\RB\Desencriptado\Graphics\Characters\075-Devil01.png done.

C:\Documents and Settings\Propietario\Escritorio\RB\Desencriptado\Graphics\Characters\076-Devil02.png done.

C:\Documents and Settings\Propietario\Escritorio\RB\Desencriptado\Graphics\Characters\077-Devil03.png done.

C:\Documents and Settings\Propietario\Escritorio\RB\Desencriptado\Graphics\Characters\078-Devil04.png done.

C:\Documents and Settings\Propietario\Escritorio\RB\Desencriptado\Graphics\Characters\079-Angel01.png done.

C:\Documents and Settings\Propietario\Escritorio\RB\Desencriptado\Graphics\Characters\080-Angel02.png done.

C:\Documents and Settings\Propietario\Escritorio\RB\Desencriptado\Graphics\Characters\081-Angel03.png done.

C:\Documents and Settings\Propietario\Escritorio\RB\Desencriptado\Graphics\Characters\082-Angel04.png done.

C:\Documents and Settings\Propietario\Escritorio\RB\Desencriptado\Graphics\Characters\083-Elemental01.png done.

C:\Documents and Settings\Propietario\Escritorio\RB\Desencriptado\Graphics\Characters\084-Elemental02.png done.

C:\Documents and Settings\Propietario\Escritorio\RB\Desencriptado\Graphics\Characters\085-Elemental03.png done.

C:\Documents and Settings\Propietario\Escritorio\RB\Desencriptado\Graphics\Characters\086-Elemental04.png done.

C:\Documents and Settings\Propietario\Escritorio\RB\Desencriptado\Graphics\Characters\087-Monster01.png done.

C:\Documents and Settings\Propietario\Escritorio\RB\Desencriptado\Graphics\Characters\088-Monster02.png done.

C:\Documents and Settings\Propietario\Escritorio\RB\Desencriptado\Graphics\Characters\089-Monster03.png done.

C:\Documents and Settings\Propietario\Escritorio\RB\Desencriptado\Graphics\Characters\090-Monster04.png done.

C:\Documents and Settings\Propietario\Escritorio\RB\Desencriptado\Graphics\Characters\091-Monster05.png done.

C:\Documents and Settings\Propietario\Escritorio\RB\Desencriptado\Graphics\Characters\092-Monster06.png done.

C:\Documents and Settings\Propietario\Escritorio\RB\Desencriptado\Graphics\Characters\093-Monster07.png done.

C:\Documents and Settings\Propietario\Escritorio\RB\Desencriptado\Graphics\Characters\094-Monster08.png done.

C:\Documents and Settings\Propietario\Escritorio\RB\Desencriptado\Graphics\Characters\095-Monster09.png done.

C:\Documents and Settings\Propietario\Escritorio\RB\Desencriptado\Graphics\Characters\096-Monster10.png done.

C:\Documents and Settings\Propietario\Escritorio\RB\Desencriptado\Graphics\Characters\097-Monster11.png done.

C:\Documents and Settings\Propietario\Escritorio\RB\Desencriptado\Graphics\Characters\098-Monster12.png done.

C:\Documents and Settings\Propietario\Escritorio\RB\Desencriptado\Graphics\Characters\099-Monster13.png done.

C:\Documents and Settings\Propietario\Escritorio\RB\Desencriptado\Graphics\Characters\100-Monster14.png done.

C:\Documents and Settings\Propietario\Escritorio\RB\Desencriptado\Graphics\Characters\101-Civilian01.png done.

C:\Documents and Settings\Propietario\Escritorio\RB\Desencriptado\Graphics\Characters\102-Civilian02.png done.

C:\Documents and Settings\Propietario\Escritorio\RB\Desencriptado\Graphics\Characters\103-Civilian03.png done.

C:\Documents and Settings\Propietario\Escritorio\RB\Desencriptado\Graphics\Characters\104-Civilian04.png done.

C:\Documents and Settings\Propietario\Escritorio\RB\Desencriptado\Graphics\Characters\105-Civilian05.png done.

C:\Documents and Settings\Propietario\Escritorio\RB\Desencriptado\Graphics\Characters\106-Civilian06.png done.

C:\Documents and Settings\Propietario\Escritorio\RB\Desencriptado\Graphics\Characters\107-Civilian07.png done.

C:\Documents and Settings\Propietario\Escritorio\RB\Desencriptado\Graphics\Characters\108-Civilian08.png done.

C:\Documents and Settings\Propietario\Escritorio\RB\Desencriptado\Graphics\Characters\109-Civilian09.png done.

C:\Documents and Settings\Propietario\Escritorio\RB\Desencriptado\Graphics\Characters\110-Civilian10.png done.

C:\Documents and Settings\Propietario\Escritorio\RB\Desencriptado\Graphics\Characters\111-Civilian11.png done.

C:\Documents and Settings\Propietario\Escritorio\RB\Desencriptado\Graphics\Characters\112-Civilian12.png done.

C:\Documents and Settings\Propietario\Escritorio\RB\Desencriptado\Graphics\Characters\113-Civilian13.png done.

C:\Documents and Settings\Propietario\Escritorio\RB\Desencriptado\Graphics\Characters\114-Civilian14.png done.

C:\Documents and Settings\Propietario\Escritorio\RB\Desencriptado\Graphics\Characters\115-Civilian15.png done.

C:\Documents and Settings\Propietario\Escritorio\RB\Desencriptado\Graphics\Characters\116-Civilian16.png done.

C:\Documents and Settings\Propietario\Escritorio\RB\Desencriptado\Graphics\Characters\117-Civilian17.png done.

C:\Documents and Settings\Propietario\Escritorio\RB\Desencriptado\Graphics\Characters\118-Civilian18.png done.

C:\Documents and Settings\Propietario\Escritorio\RB\Desencriptado\Graphics\Characters\119-Civilian19.png done.

C:\Documents and Settings\Propietario\Escritorio\RB\Desencriptado\Graphics\Characters\120-Civilian20.png done.

C:\Documents and Settings\Propietario\Escritorio\RB\Desencriptado\Graphics\Characters\121-Civilian21.png done.

C:\Documents and Settings\Propietario\Escritorio\RB\Desencriptado\Graphics\Characters\122-Civilian22.png done.

C:\Documents and Settings\Propietario\Escritorio\RB\Desencriptado\Graphics\Characters\123-Civilian23.png done.

C:\Documents and Settings\Propietario\Escritorio\RB\Desencriptado\Graphics\Characters\124-Civilian24.png done.

C:\Documents and Settings\Propietario\Escritorio\RB\Desencriptado\Graphics\Characters\125-Baby01.png done.

C:\Documents and Settings\Propietario\Escritorio\RB\Desencriptado\Graphics\Characters\126-Noble01.png done.

C:\Documents and Settings\Propietario\Escritorio\RB\Desencriptado\Graphics\Characters\127-Noble02.png done.

C:\Documents and Settings\Propietario\Escritorio\RB\Desencriptado\Graphics\Characters\128-Noble03.png done.

C:\Documents and Settings\Propietario\Escritorio\RB\Desencriptado\Graphics\Characters\129-Noble04.png done.

C:\Documents and Settings\Propietario\Escritorio\RB\Desencriptado\Graphics\Characters\130-Noble05.png done.

C:\Documents and Settings\Propietario\Escritorio\RB\Desencriptado\Graphics\Characters\131-Noble06.png done.

C:\Documents and Settings\Propietario\Escritorio\RB\Desencriptado\Graphics\Characters\132-Noble07.png done.

C:\Documents and Settings\Propietario\Escritorio\RB\Desencriptado\Graphics\Characters\133-Noble08.png done.

C:\Documents and Settings\Propietario\Escritorio\RB\Desencriptado\Graphics\Characters\134-Butler01.png done.

C:\Documents and Settings\Propietario\Escritorio\RB\Desencriptado\Graphics\Characters\135-Maid01.png done.

C:\Documents and Settings\Propietario\Escritorio\RB\Desencriptado\Graphics\Characters\136-Bartender01.png done.

C:\Documents and Settings\Propietario\Escritorio\RB\Desencriptado\Graphics\Characters\137-BunnyGirl01.png done.

C:\Documents and Settings\Propietario\Escritorio\RB\Desencriptado\Graphics\Characters\138-Cook01.png done.

C:\Documents and Settings\Propietario\Escritorio\RB\Desencriptado\Graphics\Characters\139-Clown01.png done.

C:\Documents and Settings\Propietario\Escritorio\RB\Desencriptado\Graphics\Characters\140-Dancer01.png done.

C:\Documents and Settings\Propietario\Escritorio\RB\Desencriptado\Graphics\Characters\141-Bard01.png done.

C:\Documents and Settings\Propietario\Escritorio\RB\Desencriptado\Graphics\Characters\142-Scholar01.png done.

C:\Documents and Settings\Propietario\Escritorio\RB\Desencriptado\Graphics\Characters\143-Farmer01.png done.

C:\Documents and Settings\Propietario\Escritorio\RB\Desencriptado\Graphics\Characters\144-Farmer02.png done.

C:\Documents and Settings\Propietario\Escritorio\RB\Desencriptado\Graphics\Characters\145-Prisoner01.png done.

C:\Documents and Settings\Propietario\Escritorio\RB\Desencriptado\Graphics\Characters\146-Prisoner02.png done.

C:\Documents and Settings\Propietario\Escritorio\RB\Desencriptado\Graphics\Characters\147-Storekeeper01.png done.

C:\Documents and Settings\Propietario\Escritorio\RB\Desencriptado\Graphics\Characters\148-Storekeeper02.png done.

C:\Documents and Settings\Propietario\Escritorio\RB\Desencriptado\Graphics\Characters\149-Captain01.png done.

C:\Documents and Settings\Propietario\Escritorio\RB\Desencriptado\Graphics\Characters\150-Sailor01.png done.

C:\Documents and Settings\Propietario\Escritorio\RB\Desencriptado\Graphics\Characters\151-Animal01.png done.

C:\Documents and Settings\Propietario\Escritorio\RB\Desencriptado\Graphics\Characters\152-Animal02.png done.

C:\Documents and Settings\Propietario\Escritorio\RB\Desencriptado\Graphics\Characters\153-Animal03.png done.

C:\Documents and Settings\Propietario\Escritorio\RB\Desencriptado\Graphics\Characters\154-Animal04.png done.

C:\Documents and Settings\Propietario\Escritorio\RB\Desencriptado\Graphics\Characters\155-Animal05.png done.

C:\Documents and Settings\Propietario\Escritorio\RB\Desencriptado\Graphics\Characters\156-Animal06.png done.

C:\Documents and Settings\Propietario\Escritorio\RB\Desencriptado\Graphics\Characters\157-Animal07.png done.

C:\Documents and Settings\Propietario\Escritorio\RB\Desencriptado\Graphics\Characters\158-Animal08.png done.

C:\Documents and Settings\Propietario\Escritorio\RB\Desencriptado\Graphics\Characters\159-Small01.png done.

C:\Documents and Settings\Propietario\Escritorio\RB\Desencriptado\Graphics\Characters\160-Small02.png done.

C:\Documents and Settings\Propietario\Escritorio\RB\Desencriptado\Graphics\Characters\161-Small03.png done.

C:\Documents and Settings\Propietario\Escritorio\RB\Desencriptado\Graphics\Characters\162-Small04.png done.

C:\Documents and Settings\Propietario\Escritorio\RB\Desencriptado\Graphics\Characters\163-Small05.png done.

C:\Documents and Settings\Propietario\Escritorio\RB\Desencriptado\Graphics\Characters\164-Small06.png done.

C:\Documents and Settings\Propietario\Escritorio\RB\Desencriptado\Graphics\Characters\165-Small07.png done.

C:\Documents and Settings\Propietario\Escritorio\RB\Desencriptado\Graphics\Characters\166-Small08.png done.

C:\Documents and Settings\Propietario\Escritorio\RB\Desencriptado\Graphics\Characters\167-Small09.png done.

C:\Documents and Settings\Propietario\Escritorio\RB\Desencriptado\Graphics\Characters\168-Small10.png done.

C:\Documents and Settings\Propietario\Escritorio\RB\Desencriptado\Graphics\Characters\169-Small11.png done.

C:\Documents and Settings\Propietario\Escritorio\RB\Desencriptado\Graphics\Characters\170-Door01.png done.

C:\Documents and Settings\Propietario\Escritorio\RB\Desencriptado\Graphics\Characters\171-Door02.png done.

C:\Documents and Settings\Propietario\Escritorio\RB\Desencriptado\Graphics\Characters\172-Door03.png done.

C:\Documents and Settings\Propietario\Escritorio\RB\Desencriptado\Graphics\Characters\173-Door04.png done.

C:\Documents and Settings\Propietario\Escritorio\RB\Desencriptado\Graphics\Characters\174-Chest01.png done.

C:\Documents and Settings\Propietario\Escritorio\RB\Desencriptado\Graphics\Characters\175-Chest02.png done.

C:\Documents and Settings\Propietario\Escritorio\RB\Desencriptado\Graphics\Characters\176-Chest03.png done.

C:\Documents and Settings\Propietario\Escritorio\RB\Desencriptado\Graphics\Characters\177-Chest04.png done.

C:\Documents and Settings\Propietario\Escritorio\RB\Desencriptado\Graphics\Characters\178-Switch01.png done.

C:\Documents and Settings\Propietario\Escritorio\RB\Desencriptado\Graphics\Characters\179-Switch02.png done.

C:\Documents and Settings\Propietario\Escritorio\RB\Desencriptado\Graphics\Characters\180-Switch03.png done.

C:\Documents and Settings\Propietario\Escritorio\RB\Desencriptado\Graphics\Characters\181-Switch04.png done.

C:\Documents and Settings\Propietario\Escritorio\RB\Desencriptado\Graphics\Characters\182-Rock01.png done.

C:\Documents and Settings\Propietario\Escritorio\RB\Desencriptado\Graphics\Characters\183-Rock02.png done.

C:\Documents and Settings\Propietario\Escritorio\RB\Desencriptado\Graphics\Characters\184-Light01.png done.

C:\Documents and Settings\Propietario\Escritorio\RB\Desencriptado\Graphics\Characters\185-Light02.png done.

C:\Documents and Settings\Propietario\Escritorio\RB\Desencriptado\Graphics\Characters\186-Bulletin01.png done.

C:\Documents and Settings\Propietario\Escritorio\RB\Desencriptado\Graphics\Characters\187-Lorry01.png done.

C:\Documents and Settings\Propietario\Escritorio\RB\Desencriptado\Graphics\Characters\188-Wagon01.png done.

C:\Documents and Settings\Propietario\Escritorio\RB\Desencriptado\Graphics\Characters\189-Down01.png done.

C:\Documents and Settings\Propietario\Escritorio\RB\Desencriptado\Graphics\Characters\190-Down02.png done.

C:\Documents and Settings\Propietario\Escritorio\RB\Desencriptado\Graphics\Characters\191-Down03.png done.

C:\Documents and Settings\Propietario\Escritorio\RB\Desencriptado\Graphics\Characters\192-Down04.png done.

C:\Documents and Settings\Propietario\Escritorio\RB\Desencriptado\Graphics\Characters\193-Support01.png done.

C:\Documents and Settings\Propietario\Escritorio\RB\Desencriptado\Graphics\Characters\194-Support02.png done.

C:\Documents and Settings\Propietario\Escritorio\RB\Desencriptado\Graphics\Characters\195-Support03.png done.

C:\Documents and Settings\Propietario\Escritorio\RB\Desencriptado\Graphics\Characters\196-Support04.png done.

C:\Documents and Settings\Propietario\Escritorio\RB\Desencriptado\Graphics\Characters\197-Support05.png done.

C:\Documents and Settings\Propietario\Escritorio\RB\Desencriptado\Graphics\Characters\198-Support06.png done.

C:\Documents and Settings\Propietario\Escritorio\RB\Desencriptado\Graphics\Characters\199-Support07.png done.

C:\Documents and Settings\Propietario\Escritorio\RB\Desencriptado\Graphics\Characters\200-Support08.png done.

C:\Documents and Settings\Propietario\Escritorio\RB\Desencriptado\Graphics\Characters\alien.png done.

C:\Documents and Settings\Propietario\Escritorio\RB\Desencriptado\Graphics\Characters\Bicha de burns.png done.

C:\Documents and Settings\Propietario\Escritorio\RB\Desencriptado\Graphics\Characters\disparos posicin y salto.png done.

C:\Documents and Settings\Propietario\Escritorio\RB\Desencriptado\Graphics\Characters\Fegarur.png done.

C:\Documents and Settings\Propietario\Escritorio\RB\Desencriptado\Graphics\Characters\ff7soldier7ju.png done.

C:\Documents and Settings\Propietario\Escritorio\RB\Desencriptado\Graphics\Characters\mascota xD.png done.

C:\Documents and Settings\Propietario\Escritorio\RB\Desencriptado\Graphics\Characters\minime.png done.

C:\Documents and Settings\Propietario\Escritorio\RB\Desencriptado\Graphics\Characters\neng.png done.

C:\Documents and Settings\Propietario\Escritorio\RB\Desencriptado\Graphics\Characters\payaso fornikadorrr.png done.

C:\Documents and Settings\Propietario\Escritorio\RB\Desencriptado\Graphics\Characters\Sombra.png done.

C:\Documents and Settings\Propietario\Escritorio\RB\Desencriptado\Graphics\Characters\superzp1np.png done.

C:\Documents and Settings\Propietario\Escritorio\RB\Desencriptado\Graphics\Characters\yo.png done.

C:\Documents and Settings\Propietario\Escritorio\RB\Desencriptado\Graphics\Characters\zombie2.png done.

C:\Documents and Settings\Propietario\Escritorio\RB\Desencriptado\Graphics\Fogs\001-Fog01.png done.

C:\Documents and Settings\Propietario\Escritorio\RB\Desencriptado\Graphics\Fogs\002-Clouds01.png done.

C:\Documents and Settings\Propietario\Escritorio\RB\Desencriptado\Graphics\Fogs\003-Shade01.png done.

C:\Documents and Settings\Propietario\Escritorio\RB\Desencriptado\Graphics\Fogs\004-Shade02.png done.

C:\Documents and Settings\Propietario\Escritorio\RB\Desencriptado\Graphics\Fogs\005-Sandstorm01.png done.

C:\Documents and Settings\Propietario\Escritorio\RB\Desencriptado\Graphics\Fogs\006-Sandstorm02.png done.

C:\Documents and Settings\Propietario\Escritorio\RB\Desencriptado\Graphics\Fogs\007-Water01.png done.

C:\Documents and Settings\Propietario\Escritorio\RB\Desencriptado\Graphics\Fogs\008-Water02.png done.

C:\Documents and Settings\Propietario\Escritorio\RB\Desencriptado\Graphics\Fogs\009-Water03.png done.

C:\Documents and Settings\Propietario\Escritorio\RB\Desencriptado\Graphics\Fogs\010-Water04.png done.

C:\Documents and Settings\Propietario\Escritorio\RB\Desencriptado\Graphics\Gameovers\001-Gameover01.jpg done.

C:\Documents and Settings\Propietario\Escritorio\RB\Desencriptado\Graphics\Gameovers\Game over.png done.

C:\Documents and Settings\Propietario\Escritorio\RB\Desencriptado\Graphics\Icons\001-Weapon01.png done.

C:\Documents and Settings\Propietario\Escritorio\RB\Desencriptado\Graphics\Icons\002-Weapon02.png done.

C:\Documents and Settings\Propietario\Escritorio\RB\Desencriptado\Graphics\Icons\003-Weapon03.png done.

C:\Documents and Settings\Propietario\Escritorio\RB\Desencriptado\Graphics\Icons\004-Weapon04.png done.

C:\Documents and Settings\Propietario\Escritorio\RB\Desencriptado\Graphics\Icons\005-Weapon05.png done.

C:\Documents and Settings\Propietario\Escritorio\RB\Desencriptado\Graphics\Icons\006-Weapon06.png done.

C:\Documents and Settings\Propietario\Escritorio\RB\Desencriptado\Graphics\Icons\007-Weapon07.png done.

C:\Documents and Settings\Propietario\Escritorio\RB\Desencriptado\Graphics\Icons\008-Weapon08.png done.

C:\Documents and Settings\Propietario\Escritorio\RB\Desencriptado\Graphics\Icons\009-Shield01.png done.

C:\Documents and Settings\Propietario\Escritorio\RB\Desencriptado\Graphics\Icons\010-Head01.png done.

C:\Documents and Settings\Propietario\Escritorio\RB\Desencriptado\Graphics\Icons\011-Head02.png done.

C:\Documents and Settings\Propietario\Escritorio\RB\Desencriptado\Graphics\Icons\012-Head03.png done.

C:\Documents and Settings\Propietario\Escritorio\RB\Desencriptado\Graphics\Icons\013-Body01.png done.

C:\Documents and Settings\Propietario\Escritorio\RB\Desencriptado\Graphics\Icons\014-Body02.png done.

C:\Documents and Settings\Propietario\Escritorio\RB\Desencriptado\Graphics\Icons\015-Body03.png done.

C:\Documents and Settings\Propietario\Escritorio\RB\Desencriptado\Graphics\Icons\016-Accessory01.png done.

C:\Documents and Settings\Propietario\Escritorio\RB\Desencriptado\Graphics\Icons\017-Accessory02.png done.

C:\Documents and Settings\Propietario\Escritorio\RB\Desencriptado\Graphics\Icons\018-Accessory03.png done.

C:\Documents and Settings\Propietario\Escritorio\RB\Desencriptado\Graphics\Icons\019-Accessory04.png done.

C:\Documents and Settings\Propietario\Escritorio\RB\Desencriptado\Graphics\Icons\020-Accessory05.png done.

C:\Documents and Settings\Propietario\Escritorio\RB\Desencriptado\Graphics\Icons\021-Potion01.png done.

C:\Documents and Settings\Propietario\Escritorio\RB\Desencriptado\Graphics\Icons\022-Potion02.png done.

C:\Documents and Settings\Propietario\Escritorio\RB\Desencriptado\Graphics\Icons\023-Potion03.png done.

C:\Documents and Settings\Propietario\Escritorio\RB\Desencriptado\Graphics\Icons\024-Potion04.png done.

C:\Documents and Settings\Propietario\Escritorio\RB\Desencriptado\Graphics\Icons\025-Herb01.png done.

C:\Documents and Settings\Propietario\Escritorio\RB\Desencriptado\Graphics\Icons\026-Herb02.png done.

C:\Documents and Settings\Propietario\Escritorio\RB\Desencriptado\Graphics\Icons\027-Herb03.png done.

C:\Documents and Settings\Propietario\Escritorio\RB\Desencriptado\Graphics\Icons\028-Herb04.png done.

C:\Documents and Settings\Propietario\Escritorio\RB\Desencriptado\Graphics\Icons\029-Key01.png done.

C:\Documents and Settings\Propietario\Escritorio\RB\Desencriptado\Graphics\Icons\030-Key02.png done.

C:\Documents and Settings\Propietario\Escritorio\RB\Desencriptado\Graphics\Icons\031-Key03.png done.

C:\Documents and Settings\Propietario\Escritorio\RB\Desencriptado\Graphics\Icons\032-Item01.png done.

C:\Documents and Settings\Propietario\Escritorio\RB\Desencriptado\Graphics\Icons\033-Item02.png done.

C:\Documents and Settings\Propietario\Escritorio\RB\Desencriptado\Graphics\Icons\034-Item03.png done.

C:\Documents and Settings\Propietario\Escritorio\RB\Desencriptado\Graphics\Icons\035-Item04.png done.

C:\Documents and Settings\Propietario\Escritorio\RB\Desencriptado\Graphics\Icons\036-Item05.png done.

C:\Documents and Settings\Propietario\Escritorio\RB\Desencriptado\Graphics\Icons\037-Item06.png done.

C:\Documents and Settings\Propietario\Escritorio\RB\Desencriptado\Graphics\Icons\038-Item07.png done.

C:\Documents and Settings\Propietario\Escritorio\RB\Desencriptado\Graphics\Icons\039-Item08.png done.

C:\Documents and Settings\Propietario\Escritorio\RB\Desencriptado\Graphics\Icons\040-Item09.png done.

C:\Documents and Settings\Propietario\Escritorio\RB\Desencriptado\Graphics\Icons\041-Item10.png done.

C:\Documents and Settings\Propietario\Escritorio\RB\Desencriptado\Graphics\Icons\042-Item11.png done.

C:\Documents and Settings\Propietario\Escritorio\RB\Desencriptado\Graphics\Icons\043-Item12.png done.

C:\Documents and Settings\Propietario\Escritorio\RB\Desencriptado\Graphics\Icons\044-Skill01.png done.

C:\Documents and Settings\Propietario\Escritorio\RB\Desencriptado\Graphics\Icons\045-Skill02.png done.

C:\Documents and Settings\Propietario\Escritorio\RB\Desencriptado\Graphics\Icons\046-Skill03.png done.

C:\Documents and Settings\Propietario\Escritorio\RB\Desencriptado\Graphics\Icons\047-Skill04.png done.

C:\Documents and Settings\Propietario\Escritorio\RB\Desencriptado\Graphics\Icons\048-Skill05.png done.

C:\Documents and Settings\Propietario\Escritorio\RB\Desencriptado\Graphics\Icons\049-Skill06.png done.

C:\Documents and Settings\Propietario\Escritorio\RB\Desencriptado\Graphics\Icons\050-Skill07.png done.

C:\Documents and Settings\Propietario\Escritorio\RB\Desencriptado\Graphics\Panoramas\001-Sky01.jpg done.

C:\Documents and Settings\Propietario\Escritorio\RB\Desencriptado\Graphics\Panoramas\002-Sky02.jpg done.

C:\Documents and Settings\Propietario\Escritorio\RB\Desencriptado\Graphics\Panoramas\003-StarlitSky01.jpg done.

C:\Documents and Settings\Propietario\Escritorio\RB\Desencriptado\Graphics\Panoramas\004-CloudySky01.jpg done.

C:\Documents and Settings\Propietario\Escritorio\RB\Desencriptado\Graphics\Panoramas\005-Sunset01.jpg done.

C:\Documents and Settings\Propietario\Escritorio\RB\Desencriptado\Graphics\Panoramas\006-Mountains01.jpg done.

C:\Documents and Settings\Propietario\Escritorio\RB\Desencriptado\Graphics\Panoramas\007-Ocean01.jpg done.

C:\Documents and Settings\Propietario\Escritorio\RB\Desencriptado\Graphics\Pictures\cards.png done.

C:\Documents and Settings\Propietario\Escritorio\RB\Desencriptado\Graphics\Pictures\creditos.bmp done.

C:\Documents and Settings\Propietario\Escritorio\RB\Desencriptado\Graphics\Pictures\First_back.jpg done.

C:\Documents and Settings\Propietario\Escritorio\RB\Desencriptado\Graphics\Pictures\LE.png done.

C:\Documents and Settings\Propietario\Escritorio\RB\Desencriptado\Graphics\Pictures\pegi.jpg done.

C:\Documents and Settings\Propietario\Escritorio\RB\Desencriptado\Graphics\Pictures\Second_back.bmp done.

C:\Documents and Settings\Propietario\Escritorio\RB\Desencriptado\Graphics\Tilesets\001-Grassland01.png done.

C:\Documents and Settings\Propietario\Escritorio\RB\Desencriptado\Graphics\Tilesets\002-Woods01.png done.

C:\Documents and Settings\Propietario\Escritorio\RB\Desencriptado\Graphics\Tilesets\003-Forest01.png done.

C:\Documents and Settings\Propietario\Escritorio\RB\Desencriptado\Graphics\Tilesets\004-Mountain01.png done.

C:\Documents and Settings\Propietario\Escritorio\RB\Desencriptado\Graphics\Tilesets\005-Beach01.png done.

C:\Documents and Settings\Propietario\Escritorio\RB\Desencriptado\Graphics\Tilesets\006-Desert01.png done.

C:\Documents and Settings\Propietario\Escritorio\RB\Desencriptado\Graphics\Tilesets\007-Swamp01.png done.

C:\Documents and Settings\Propietario\Escritorio\RB\Desencriptado\Graphics\Tilesets\008-Snowfield01.png done.

C:\Documents and Settings\Propietario\Escritorio\RB\Desencriptado\Graphics\Tilesets\009-CastleTown01.png done.

C:\Documents and Settings\Propietario\Escritorio\RB\Desencriptado\Graphics\Tilesets\010-CastleTown02.png done.

C:\Documents and Settings\Propietario\Escritorio\RB\Desencriptado\Graphics\Tilesets\011-PortTown01.png done.

C:\Documents and Settings\Propietario\Escritorio\RB\Desencriptado\Graphics\Tilesets\012-PortTown02.png done.

C:\Documents and Settings\Propietario\Escritorio\RB\Desencriptado\Graphics\Tilesets\013-PostTown01.png done.

C:\Documents and Settings\Propietario\Escritorio\RB\Desencriptado\Graphics\Tilesets\014-PostTown02.png done.

C:\Documents and Settings\Propietario\Escritorio\RB\Desencriptado\Graphics\Tilesets\015-ForestTown01.png done.

C:\Documents and Settings\Propietario\Escritorio\RB\Desencriptado\Graphics\Tilesets\016-ForestTown02.png done.

C:\Documents and Settings\Propietario\Escritorio\RB\Desencriptado\Graphics\Tilesets\017-MineTown01.png done.

C:\Documents and Settings\Propietario\Escritorio\RB\Desencriptado\Graphics\Tilesets\018-MineTown02.png done.

C:\Documents and Settings\Propietario\Escritorio\RB\Desencriptado\Graphics\Tilesets\019-DesertTown01.png done.

C:\Documents and Settings\Propietario\Escritorio\RB\Desencriptado\Graphics\Tilesets\020-DesertTown02.png done.

C:\Documents and Settings\Propietario\Escritorio\RB\Desencriptado\Graphics\Tilesets\021-SnowTown01.png done.

C:\Documents and Settings\Propietario\Escritorio\RB\Desencriptado\Graphics\Tilesets\022-SnowTown02.png done.

C:\Documents and Settings\Propietario\Escritorio\RB\Desencriptado\Graphics\Tilesets\023-FarmVillage01.png done.

C:\Documents and Settings\Propietario\Escritorio\RB\Desencriptado\Graphics\Tilesets\024-FarmVillage02.png done.

C:\Documents and Settings\Propietario\Escritorio\RB\Desencriptado\Graphics\Tilesets\025-Castle01.png done.

C:\Documents and Settings\Propietario\Escritorio\RB\Desencriptado\Graphics\Tilesets\026-Castle02.png done.

C:\Documents and Settings\Propietario\Escritorio\RB\Desencriptado\Graphics\Tilesets\027-Castle03.png done.

C:\Documents and Settings\Propietario\Escritorio\RB\Desencriptado\Graphics\Tilesets\028-Church01.png done.

C:\Documents and Settings\Propietario\Escritorio\RB\Desencriptado\Graphics\Tilesets\029-Church02.png done.

C:\Documents and Settings\Propietario\Escritorio\RB\Desencriptado\Graphics\Tilesets\030-Ship01.png done.

C:\Documents and Settings\Propietario\Escritorio\RB\Desencriptado\Graphics\Tilesets\031-Ship02.png done.

C:\Documents and Settings\Propietario\Escritorio\RB\Desencriptado\Graphics\Tilesets\032-Heaven01.png done.

C:\Documents and Settings\Propietario\Escritorio\RB\Desencriptado\Graphics\Tilesets\033-Heaven02.png done.

C:\Documents and Settings\Propietario\Escritorio\RB\Desencriptado\Graphics\Tilesets\034-Bridge01.png done.

C:\Documents and Settings\Propietario\Escritorio\RB\Desencriptado\Graphics\Tilesets\035-Ruins01.png done.

C:\Documents and Settings\Propietario\Escritorio\RB\Desencriptado\Graphics\Tilesets\036-Shop01.png done.

C:\Documents and Settings\Propietario\Escritorio\RB\Desencriptado\Graphics\Tilesets\037-Fort01.png done.

C:\Documents and Settings\Propietario\Escritorio\RB\Desencriptado\Graphics\Tilesets\038-Fort02.png done.

C:\Documents and Settings\Propietario\Escritorio\RB\Desencriptado\Graphics\Tilesets\039-Tower01.png done.

C:\Documents and Settings\Propietario\Escritorio\RB\Desencriptado\Graphics\Tilesets\040-Tower02.png done.

C:\Documents and Settings\Propietario\Escritorio\RB\Desencriptado\Graphics\Tilesets\041-EvilCastle01.png done.

C:\Documents and Settings\Propietario\Escritorio\RB\Desencriptado\Graphics\Tilesets\042-EvilCastle02.png done.

C:\Documents and Settings\Propietario\Escritorio\RB\Desencriptado\Graphics\Tilesets\043-Cave01.png done.

C:\Documents and Settings\Propietario\Escritorio\RB\Desencriptado\Graphics\Tilesets\044-Cave02.png done.

C:\Documents and Settings\Propietario\Escritorio\RB\Desencriptado\Graphics\Tilesets\045-Cave03.png done.

C:\Documents and Settings\Propietario\Escritorio\RB\Desencriptado\Graphics\Tilesets\046-Cave04.png done.

C:\Documents and Settings\Propietario\Escritorio\RB\Desencriptado\Graphics\Tilesets\047-Mine01.png done.

C:\Documents and Settings\Propietario\Escritorio\RB\Desencriptado\Graphics\Tilesets\048-Sewer01.png done.

C:\Documents and Settings\Propietario\Escritorio\RB\Desencriptado\Graphics\Tilesets\049-InnerBody01.png done.

C:\Documents and Settings\Propietario\Escritorio\RB\Desencriptado\Graphics\Tilesets\050-DarkSpace01.png done.

C:\Documents and Settings\Propietario\Escritorio\RB\Desencriptado\Graphics\Titles\001-Title01.jpg done.

C:\Documents and Settings\Propietario\Escritorio\RB\Desencriptado\Graphics\Titles\Principal.bmp done.

C:\Documents and Settings\Propietario\Escritorio\RB\Desencriptado\Graphics\Titles\Principal.jpg done.

C:\Documents and Settings\Propietario\Escritorio\RB\Desencriptado\Graphics\Transitions\001-Blind01.png done.

C:\Documents and Settings\Propietario\Escritorio\RB\Desencriptado\Graphics\Transitions\002-Blind02.png done.

C:\Documents and Settings\Propietario\Escritorio\RB\Desencriptado\Graphics\Transitions\003-Blind03.png done.

C:\Documents and Settings\Propietario\Escritorio\RB\Desencriptado\Graphics\Transitions\004-Blind04.png done.

C:\Documents and Settings\Propietario\Escritorio\RB\Desencriptado\Graphics\Transitions\005-Stripe01.png done.

C:\Documents and Settings\Propietario\Escritorio\RB\Desencriptado\Graphics\Transitions\006-Stripe02.png done.

C:\Documents and Settings\Propietario\Escritorio\RB\Desencriptado\Graphics\Transitions\007-Line01.png done.

C:\Documents and Settings\Propietario\Escritorio\RB\Desencriptado\Graphics\Transitions\008-Line02.png done.

C:\Documents and Settings\Propietario\Escritorio\RB\Desencriptado\Graphics\Transitions\009-Random01.png done.

C:\Documents and Settings\Propietario\Escritorio\RB\Desencriptado\Graphics\Transitions\010-Random02.png done.

C:\Documents and Settings\Propietario\Escritorio\RB\Desencriptado\Graphics\Transitions\011-Random03.png done.

C:\Documents and Settings\Propietario\Escritorio\RB\Desencriptado\Graphics\Transitions\012-Random04.png done.

C:\Documents and Settings\Propietario\Escritorio\RB\Desencriptado\Graphics\Transitions\013-Square01.png done.

C:\Documents and Settings\Propietario\Escritorio\RB\Desencriptado\Graphics\Transitions\014-Square02.png done.

C:\Documents and Settings\Propietario\Escritorio\RB\Desencriptado\Graphics\Transitions\015-Diamond01.png done.

C:\Documents and Settings\Propietario\Escritorio\RB\Desencriptado\Graphics\Transitions\016-Diamond02.png done.

C:\Documents and Settings\Propietario\Escritorio\RB\Desencriptado\Graphics\Transitions\017-Brick01.png done.

C:\Documents and Settings\Propietario\Escritorio\RB\Desencriptado\Graphics\Transitions\018-Brick02.png done.

C:\Documents and Settings\Propietario\Escritorio\RB\Desencriptado\Graphics\Transitions\019-Whorl01.png done.

C:\Documents and Settings\Propietario\Escritorio\RB\Desencriptado\Graphics\Transitions\020-Flat01.png done.

C:\Documents and Settings\Propietario\Escritorio\RB\Desencriptado\Graphics\Windowskins\001-Blue01.png done.

C:\Documents and Settings\Propietario\Escritorio\RB\Desencriptado\Graphics\Windowskins\Window7.png done.

C:\Documents and Settings\Propietario\Escritorio\RB\Desencriptado\Graphics\Windowskins\windowskin verde 1.png done.

